(base) raghukiran@MacBookPro journalApp % mvn clean package -D spring.profiles.active=dev
[INFO] Scanning for projects...
[INFO] 
[INFO] ------------------< net.engineeringdigest:journalApp >------------------
[INFO] Building Journal App 0.0.1-SNAPSHOT
[INFO]   from pom.xml
[INFO] --------------------------------[ jar ]---------------------------------
[INFO] 
[INFO] --- clean:3.2.0:clean (default-clean) @ journalApp ---
[INFO] Deleting /Users/raghukiran/Desktop/JavaProjects/journalApp/target
[INFO] 
[INFO] --- resources:3.2.0:resources (default-resources) @ journalApp ---
[INFO] Using 'UTF-8' encoding to copy filtered resources.
[INFO] Using 'UTF-8' encoding to copy filtered properties files.
[INFO] Copying 5 resources
[INFO] Copying 0 resource
[INFO] 
[INFO] --- compiler:3.10.1:compile (default-compile) @ journalApp ---
[INFO] Changes detected - recompiling the module!
[INFO] Compiling 15 source files to /Users/raghukiran/Desktop/JavaProjects/journalApp/target/classes
[INFO] 
[INFO] --- resources:3.2.0:testResources (default-testResources) @ journalApp ---
[INFO] Using 'UTF-8' encoding to copy filtered resources.
[INFO] Using 'UTF-8' encoding to copy filtered properties files.
[INFO] skip non existing resourceDirectory /Users/raghukiran/Desktop/JavaProjects/journalApp/src/test/resources
[INFO] 
[INFO] --- compiler:3.10.1:testCompile (default-testCompile) @ journalApp ---
[INFO] Changes detected - recompiling the module!
[INFO] Compiling 4 source files to /Users/raghukiran/Desktop/JavaProjects/journalApp/target/test-classes
[INFO] 
[INFO] --- surefire:2.22.2:test (default-test) @ journalApp ---
[INFO] 
[INFO] -------------------------------------------------------
[INFO]  T E S T S
[INFO] -------------------------------------------------------
[INFO] Running net.engineeringdigest.journalApp.JournalAppApplicationTests
13:53:28.392 [main] DEBUG org.springframework.test.context.BootstrapUtils - Instantiating CacheAwareContextLoaderDelegate from class [org.springframework.test.context.cache.DefaultCacheAwareContextLoaderDelegate]
13:53:28.398 [main] DEBUG org.springframework.test.context.BootstrapUtils - Instantiating BootstrapContext using constructor [public org.springframework.test.context.support.DefaultBootstrapContext(java.lang.Class,org.springframework.test.context.CacheAwareContextLoaderDelegate)]
13:53:28.422 [main] DEBUG org.springframework.test.context.BootstrapUtils - Instantiating TestContextBootstrapper for test class [net.engineeringdigest.journalApp.JournalAppApplicationTests] from class [org.springframework.boot.test.context.SpringBootTestContextBootstrapper]
13:53:28.429 [main] INFO org.springframework.boot.test.context.SpringBootTestContextBootstrapper - Neither @ContextConfiguration nor @ContextHierarchy found for test class [net.engineeringdigest.journalApp.JournalAppApplicationTests], using SpringBootContextLoader
13:53:28.431 [main] DEBUG org.springframework.test.context.support.AbstractContextLoader - Did not detect default resource location for test class [net.engineeringdigest.journalApp.JournalAppApplicationTests]: class path resource [net/engineeringdigest/journalApp/JournalAppApplicationTests-context.xml] does not exist
13:53:28.432 [main] DEBUG org.springframework.test.context.support.AbstractContextLoader - Did not detect default resource location for test class [net.engineeringdigest.journalApp.JournalAppApplicationTests]: class path resource [net/engineeringdigest/journalApp/JournalAppApplicationTestsContext.groovy] does not exist
13:53:28.432 [main] INFO org.springframework.test.context.support.AbstractContextLoader - Could not detect default resource locations for test class [net.engineeringdigest.journalApp.JournalAppApplicationTests]: no resource found for suffixes {-context.xml, Context.groovy}.
13:53:28.432 [main] INFO org.springframework.test.context.support.AnnotationConfigContextLoaderUtils - Could not detect default configuration classes for test class [net.engineeringdigest.journalApp.JournalAppApplicationTests]: JournalAppApplicationTests does not declare any static, non-private, non-final, nested classes annotated with @Configuration.
13:53:28.463 [main] DEBUG org.springframework.test.context.support.ActiveProfilesUtils - Could not find an 'annotation declaring class' for annotation type [org.springframework.test.context.ActiveProfiles] and class [net.engineeringdigest.journalApp.JournalAppApplicationTests]
13:53:28.503 [main] DEBUG org.springframework.context.annotation.ClassPathScanningCandidateComponentProvider - Identified candidate component class: file [/Users/raghukiran/Desktop/JavaProjects/journalApp/target/classes/net/engineeringdigest/journalApp/JournalApplication.class]
13:53:28.511 [main] INFO org.springframework.boot.test.context.SpringBootTestContextBootstrapper - Found @SpringBootConfiguration net.engineeringdigest.journalApp.JournalApplication for test class net.engineeringdigest.journalApp.JournalAppApplicationTests
13:53:28.570 [main] DEBUG org.springframework.boot.test.context.SpringBootTestContextBootstrapper - @TestExecutionListeners is not present for class [net.engineeringdigest.journalApp.JournalAppApplicationTests]: using defaults.
13:53:28.571 [main] INFO org.springframework.boot.test.context.SpringBootTestContextBootstrapper - Loaded default TestExecutionListener class names from location [META-INF/spring.factories]: [org.springframework.boot.test.mock.mockito.MockitoTestExecutionListener, org.springframework.boot.test.mock.mockito.ResetMocksTestExecutionListener, org.springframework.boot.test.autoconfigure.restdocs.RestDocsTestExecutionListener, org.springframework.boot.test.autoconfigure.web.client.MockRestServiceServerResetTestExecutionListener, org.springframework.boot.test.autoconfigure.web.servlet.MockMvcPrintOnlyOnFailureTestExecutionListener, org.springframework.boot.test.autoconfigure.web.servlet.WebDriverTestExecutionListener, org.springframework.boot.test.autoconfigure.webservices.client.MockWebServiceServerTestExecutionListener, org.springframework.test.context.web.ServletTestExecutionListener, org.springframework.test.context.support.DirtiesContextBeforeModesTestExecutionListener, org.springframework.test.context.event.ApplicationEventsTestExecutionListener, org.springframework.test.context.support.DependencyInjectionTestExecutionListener, org.springframework.test.context.support.DirtiesContextTestExecutionListener, org.springframework.test.context.transaction.TransactionalTestExecutionListener, org.springframework.test.context.jdbc.SqlScriptsTestExecutionListener, org.springframework.test.context.event.EventPublishingTestExecutionListener]
13:53:28.581 [main] INFO org.springframework.boot.test.context.SpringBootTestContextBootstrapper - Using TestExecutionListeners: [org.springframework.test.context.web.ServletTestExecutionListener@2ce6c6ec, org.springframework.test.context.support.DirtiesContextBeforeModesTestExecutionListener@1bae316d, org.springframework.test.context.event.ApplicationEventsTestExecutionListener@147a5d08, org.springframework.boot.test.mock.mockito.MockitoTestExecutionListener@6676f6a0, org.springframework.boot.test.autoconfigure.SpringBootDependencyInjectionTestExecutionListener@7cbd9d24, org.springframework.test.context.support.DirtiesContextTestExecutionListener@1672fe87, org.springframework.test.context.transaction.TransactionalTestExecutionListener@5026735c, org.springframework.test.context.jdbc.SqlScriptsTestExecutionListener@1b45c0e, org.springframework.test.context.event.EventPublishingTestExecutionListener@11f0a5a1, org.springframework.boot.test.mock.mockito.ResetMocksTestExecutionListener@10f7f7de, org.springframework.boot.test.autoconfigure.restdocs.RestDocsTestExecutionListener@73a8da0f, org.springframework.boot.test.autoconfigure.web.client.MockRestServiceServerResetTestExecutionListener@50dfbc58, org.springframework.boot.test.autoconfigure.web.servlet.MockMvcPrintOnlyOnFailureTestExecutionListener@4416d64f, org.springframework.boot.test.autoconfigure.web.servlet.WebDriverTestExecutionListener@6bf08014, org.springframework.boot.test.autoconfigure.webservices.client.MockWebServiceServerTestExecutionListener@5e3d57c7]
13:53:28.583 [main] DEBUG org.springframework.test.context.support.AbstractDirtiesContextTestExecutionListener - Before test class: context [DefaultTestContext@258d79be testClass = JournalAppApplicationTests, testInstance = [null], testMethod = [null], testException = [null], mergedContextConfiguration = [WebMergedContextConfiguration@14f9390f testClass = JournalAppApplicationTests, locations = '{}', classes = '{class net.engineeringdigest.journalApp.JournalApplication}', contextInitializerClasses = '[]', activeProfiles = '{}', propertySourceLocations = '{}', propertySourceProperties = '{org.springframework.boot.test.context.SpringBootTestContextBootstrapper=true}', contextCustomizers = set[org.springframework.boot.test.context.filter.ExcludeFilterContextCustomizer@484970b0, org.springframework.boot.test.json.DuplicateJsonObjectContextCustomizerFactory$DuplicateJsonObjectContextCustomizer@37f1104d, org.springframework.boot.test.mock.mockito.MockitoContextCustomizer@0, org.springframework.boot.test.web.client.TestRestTemplateContextCustomizer@69fb6037, org.springframework.boot.test.autoconfigure.actuate.metrics.MetricsExportContextCustomizerFactory$DisableMetricExportContextCustomizer@6497b078, org.springframework.boot.test.autoconfigure.properties.PropertyMappingContextCustomizer@0, org.springframework.boot.test.autoconfigure.web.servlet.WebDriverContextCustomizerFactory$Customizer@13b13b5d, org.springframework.boot.test.context.SpringBootTestArgs@1, org.springframework.boot.test.context.SpringBootTestWebEnvironment@73846619], resourceBasePath = 'src/main/webapp', contextLoader = 'org.springframework.boot.test.context.SpringBootContextLoader', parent = [null]], attributes = map['org.springframework.test.context.web.ServletTestExecutionListener.activateListener' -> true]], class annotated with @DirtiesContext [false] with mode [null].

  .   ____          _            __ _ _
 /\\ / ___'_ __ _ _(_)_ __  __ _ \ \ \ \
( ( )\___ | '_ | '_| | '_ \/ _` | \ \ \ \
 \\/  ___)| |_)| | | | | || (_| |  ) ) ) )
  '  |____| .__|_| |_|_| |_\__, | / / / /
 =========|_|==============|___/=/_/_/_/
 :: Spring Boot ::               (v2.7.16)

2024-12-22 13:53:28.849  INFO 82732 --- [           main] n.e.j.JournalAppApplicationTests         : Starting JournalAppApplicationTests using Java 18.0.1.1 on raghus-MBP.home with PID 82732 (started by raghukiran in /Users/raghukiran/Desktop/JavaProjects/journalApp)
2024-12-22 13:53:28.849  INFO 82732 --- [           main] n.e.j.JournalAppApplicationTests         : The following 1 profile is active: "dev"
2024-12-22 13:53:29.219  INFO 82732 --- [           main] .s.d.r.c.RepositoryConfigurationDelegate : Bootstrapping Spring Data MongoDB repositories in DEFAULT mode.
2024-12-22 13:53:29.250  INFO 82732 --- [           main] .s.d.r.c.RepositoryConfigurationDelegate : Finished Spring Data repository scanning in 28 ms. Found 2 MongoDB repository interfaces.
2024-12-22 13:53:29.610  INFO 82732 --- [           main] org.mongodb.driver.client                : MongoClient with metadata {"driver": {"name": "mongo-java-driver|sync|spring-boot", "version": "4.6.1"}, "os": {"type": "Darwin", "name": "Mac OS X", "architecture": "x86_64", "version": "15.2"}, "platform": "Java/Oracle Corporation/18.0.1.1+2-6", "application": {"name": "Cluster0"}} created with settings MongoClientSettings{readPreference=primary, writeConcern=WriteConcern{w=majority, wTimeout=null ms, journal=null}, retryWrites=true, retryReads=true, readConcern=ReadConcern{level=null}, credential=MongoCredential{mechanism=null, userName='raghukiran4590', source='admin', password=<hidden>, mechanismProperties=<hidden>}, streamFactoryFactory=null, commandListeners=[], codecRegistry=ProvidersCodecRegistry{codecProviders=[ValueCodecProvider{}, BsonValueCodecProvider{}, DBRefCodecProvider{}, DBObjectCodecProvider{}, DocumentCodecProvider{}, IterableCodecProvider{}, MapCodecProvider{}, GeoJsonCodecProvider{}, GridFSFileCodecProvider{}, Jsr310CodecProvider{}, JsonObjectCodecProvider{}, BsonCodecProvider{}, EnumCodecProvider{}, com.mongodb.Jep395RecordCodecProvider@18137eab]}, clusterSettings={hosts=[127.0.0.1:27017], srvHost=cluster0.gehwm.mongodb.net, srvServiceName=mongodb, mode=MULTIPLE, requiredClusterType=REPLICA_SET, requiredReplicaSetName='atlas-ufwfie-shard-0', serverSelector='null', clusterListeners='[]', serverSelectionTimeout='30000 ms', localThreshold='30000 ms'}, socketSettings=SocketSettings{connectTimeoutMS=10000, readTimeoutMS=0, receiveBufferSize=0, sendBufferSize=0}, heartbeatSocketSettings=SocketSettings{connectTimeoutMS=10000, readTimeoutMS=10000, receiveBufferSize=0, sendBufferSize=0}, connectionPoolSettings=ConnectionPoolSettings{maxSize=100, minSize=0, maxWaitTimeMS=120000, maxConnectionLifeTimeMS=0, maxConnectionIdleTimeMS=0, maintenanceInitialDelayMS=0, maintenanceFrequencyMS=60000, connectionPoolListeners=[], maxConnecting=2}, serverSettings=ServerSettings{heartbeatFrequencyMS=10000, minHeartbeatFrequencyMS=500, serverListeners='[]', serverMonitorListeners='[]'}, sslSettings=SslSettings{enabled=true, invalidHostNameAllowed=false, context=null}, applicationName='Cluster0', compressorList=[], uuidRepresentation=JAVA_LEGACY, serverApi=null, autoEncryptionSettings=null, contextProvider=null}
2024-12-22 13:53:29.651  INFO 82732 --- [hwm.mongodb.net] org.mongodb.driver.cluster               : Adding discovered server cluster0-shard-00-02.gehwm.mongodb.net:27017 to client view of cluster
2024-12-22 13:53:29.664  INFO 82732 --- [hwm.mongodb.net] org.mongodb.driver.cluster               : Adding discovered server cluster0-shard-00-00.gehwm.mongodb.net:27017 to client view of cluster
2024-12-22 13:53:29.665  INFO 82732 --- [hwm.mongodb.net] org.mongodb.driver.cluster               : Adding discovered server cluster0-shard-00-01.gehwm.mongodb.net:27017 to client view of cluster
2024-12-22 13:53:29.808  INFO 82732 --- [           main] org.mongodb.driver.cluster               : No server chosen by com.mongodb.client.internal.MongoClientDelegate$1@6ac4c3f7 from cluster description ClusterDescription{type=REPLICA_SET, connectionMode=MULTIPLE, serverDescriptions=[ServerDescription{address=cluster0-shard-00-00.gehwm.mongodb.net:27017, type=UNKNOWN, state=CONNECTING}, ServerDescription{address=cluster0-shard-00-01.gehwm.mongodb.net:27017, type=UNKNOWN, state=CONNECTING}, ServerDescription{address=cluster0-shard-00-02.gehwm.mongodb.net:27017, type=UNKNOWN, state=CONNECTING}]}. Waiting for 30000 ms before timing out
2024-12-22 13:53:30.179  INFO 82732 --- [ngodb.net:27017] org.mongodb.driver.connection            : Opened connection [connectionId{localValue:5, serverValue:497292}] to cluster0-shard-00-00.gehwm.mongodb.net:27017
2024-12-22 13:53:30.179  INFO 82732 --- [ngodb.net:27017] org.mongodb.driver.connection            : Opened connection [connectionId{localValue:6, serverValue:496008}] to cluster0-shard-00-01.gehwm.mongodb.net:27017
2024-12-22 13:53:30.179  INFO 82732 --- [ngodb.net:27017] org.mongodb.driver.connection            : Opened connection [connectionId{localValue:2, serverValue:496005}] to cluster0-shard-00-01.gehwm.mongodb.net:27017
2024-12-22 13:53:30.179  INFO 82732 --- [ngodb.net:27017] org.mongodb.driver.connection            : Opened connection [connectionId{localValue:4, serverValue:503756}] to cluster0-shard-00-02.gehwm.mongodb.net:27017
2024-12-22 13:53:30.179  INFO 82732 --- [ngodb.net:27017] org.mongodb.driver.connection            : Opened connection [connectionId{localValue:3, serverValue:497292}] to cluster0-shard-00-00.gehwm.mongodb.net:27017
2024-12-22 13:53:30.179  INFO 82732 --- [ngodb.net:27017] org.mongodb.driver.connection            : Opened connection [connectionId{localValue:1, serverValue:503432}] to cluster0-shard-00-02.gehwm.mongodb.net:27017
2024-12-22 13:53:30.185  INFO 82732 --- [ngodb.net:27017] org.mongodb.driver.cluster               : Monitor thread successfully connected to server with description ServerDescription{address=cluster0-shard-00-01.gehwm.mongodb.net:27017, type=REPLICA_SET_SECONDARY, state=CONNECTED, ok=true, minWireVersion=0, maxWireVersion=25, maxDocumentSize=16777216, logicalSessionTimeoutMinutes=30, roundTripTimeNanos=256743207, setName='atlas-ufwfie-shard-0', canonicalAddress=cluster0-shard-00-01.gehwm.mongodb.net:27017, hosts=[cluster0-shard-00-01.gehwm.mongodb.net:27017, cluster0-shard-00-02.gehwm.mongodb.net:27017, cluster0-shard-00-00.gehwm.mongodb.net:27017], passives=[], arbiters=[], primary='cluster0-shard-00-02.gehwm.mongodb.net:27017', tagSet=TagSet{[Tag{name='availabilityZone', value='use1-az4'}, Tag{name='diskState', value='READY'}, Tag{name='nodeType', value='ELECTABLE'}, Tag{name='provider', value='AWS'}, Tag{name='region', value='US_EAST_1'}, Tag{name='workloadType', value='OPERATIONAL'}]}, electionId=null, setVersion=112, topologyVersion=TopologyVersion{processId=6764603686e98f1c0b449be7, counter=3}, lastWriteDate=Sun Dec 22 13:53:30 EST 2024, lastUpdateTimeNanos=363742788638555}
2024-12-22 13:53:30.185  INFO 82732 --- [ngodb.net:27017] org.mongodb.driver.cluster               : Monitor thread successfully connected to server with description ServerDescription{address=cluster0-shard-00-02.gehwm.mongodb.net:27017, type=REPLICA_SET_PRIMARY, state=CONNECTED, ok=true, minWireVersion=0, maxWireVersion=25, maxDocumentSize=16777216, logicalSessionTimeoutMinutes=30, roundTripTimeNanos=266194261, setName='atlas-ufwfie-shard-0', canonicalAddress=cluster0-shard-00-02.gehwm.mongodb.net:27017, hosts=[cluster0-shard-00-01.gehwm.mongodb.net:27017, cluster0-shard-00-02.gehwm.mongodb.net:27017, cluster0-shard-00-00.gehwm.mongodb.net:27017], passives=[], arbiters=[], primary='cluster0-shard-00-02.gehwm.mongodb.net:27017', tagSet=TagSet{[Tag{name='availabilityZone', value='use1-az6'}, Tag{name='diskState', value='READY'}, Tag{name='nodeType', value='ELECTABLE'}, Tag{name='provider', value='AWS'}, Tag{name='region', value='US_EAST_1'}, Tag{name='workloadType', value='OPERATIONAL'}]}, electionId=7fffffff0000000000000164, setVersion=112, topologyVersion=TopologyVersion{processId=67645fec29895ab01407fae8, counter=6}, lastWriteDate=Sun Dec 22 13:53:30 EST 2024, lastUpdateTimeNanos=363742788616040}
2024-12-22 13:53:30.185  INFO 82732 --- [ngodb.net:27017] org.mongodb.driver.cluster               : Monitor thread successfully connected to server with description ServerDescription{address=cluster0-shard-00-00.gehwm.mongodb.net:27017, type=REPLICA_SET_SECONDARY, state=CONNECTED, ok=true, minWireVersion=0, maxWireVersion=25, maxDocumentSize=16777216, logicalSessionTimeoutMinutes=30, roundTripTimeNanos=266193857, setName='atlas-ufwfie-shard-0', canonicalAddress=cluster0-shard-00-00.gehwm.mongodb.net:27017, hosts=[cluster0-shard-00-01.gehwm.mongodb.net:27017, cluster0-shard-00-02.gehwm.mongodb.net:27017, cluster0-shard-00-00.gehwm.mongodb.net:27017], passives=[], arbiters=[], primary='cluster0-shard-00-02.gehwm.mongodb.net:27017', tagSet=TagSet{[Tag{name='availabilityZone', value='use1-az2'}, Tag{name='diskState', value='READY'}, Tag{name='nodeType', value='ELECTABLE'}, Tag{name='provider', value='AWS'}, Tag{name='region', value='US_EAST_1'}, Tag{name='workloadType', value='OPERATIONAL'}]}, electionId=null, setVersion=112, topologyVersion=TopologyVersion{processId=67645f9fc0e405eef35d096c, counter=4}, lastWriteDate=Sun Dec 22 13:53:30 EST 2024, lastUpdateTimeNanos=363742788610559}
2024-12-22 13:53:30.187  INFO 82732 --- [ngodb.net:27017] org.mongodb.driver.cluster               : Setting max election id to 7fffffff0000000000000164 from replica set primary cluster0-shard-00-02.gehwm.mongodb.net:27017
2024-12-22 13:53:30.188  INFO 82732 --- [ngodb.net:27017] org.mongodb.driver.cluster               : Setting max set version to 112 from replica set primary cluster0-shard-00-02.gehwm.mongodb.net:27017
2024-12-22 13:53:30.188  INFO 82732 --- [ngodb.net:27017] org.mongodb.driver.cluster               : Discovered replica set primary cluster0-shard-00-02.gehwm.mongodb.net:27017
2024-12-22 13:53:30.447  INFO 82732 --- [           main] org.mongodb.driver.connection            : Opened connection [connectionId{localValue:7, serverValue:503801}] to cluster0-shard-00-02.gehwm.mongodb.net:27017
2024-12-22 13:53:30.781  INFO 82732 --- [           main] o.s.s.web.DefaultSecurityFilterChain     : Will secure any request with [org.springframework.security.web.session.DisableEncodeUrlFilter@2cccf134, org.springframework.security.web.context.request.async.WebAsyncManagerIntegrationFilter@3c18942, org.springframework.security.web.context.SecurityContextPersistenceFilter@73e4387, org.springframework.security.web.header.HeaderWriterFilter@43c7fe8a, org.springframework.security.web.authentication.logout.LogoutFilter@52f8a6f4, org.springframework.security.web.authentication.www.BasicAuthenticationFilter@7a64cb0c, org.springframework.security.web.savedrequest.RequestCacheAwareFilter@1df9186f, org.springframework.security.web.servletapi.SecurityContextHolderAwareRequestFilter@72c9ebfa, org.springframework.security.web.authentication.AnonymousAuthenticationFilter@743c3520, org.springframework.security.web.session.SessionManagementFilter@1b8aaeab, org.springframework.security.web.access.ExceptionTranslationFilter@4602f874, org.springframework.security.web.access.intercept.AuthorizationFilter@71d55b7e]
2024-12-22 13:53:31.272  INFO 82732 --- [           main] n.e.j.JournalAppApplicationTests         : Started JournalAppApplicationTests in 2.666 seconds (JVM running for 3.269)
[INFO] Tests run: 1, Failures: 0, Errors: 0, Skipped: 0, Time elapsed: 3.215 s - in net.engineeringdigest.journalApp.JournalAppApplicationTests
[INFO] Running net.engineeringdigest.journalApp.service.UserServiceTests
2024-12-22 13:53:31.561  INFO 82732 --- [           main] .b.t.c.SpringBootTestContextBootstrapper : Neither @ContextConfiguration nor @ContextHierarchy found for test class [net.engineeringdigest.journalApp.service.UserServiceTests], using SpringBootContextLoader
2024-12-22 13:53:31.561  INFO 82732 --- [           main] o.s.t.c.support.AbstractContextLoader    : Could not detect default resource locations for test class [net.engineeringdigest.journalApp.service.UserServiceTests]: no resource found for suffixes {-context.xml, Context.groovy}.
2024-12-22 13:53:31.561  INFO 82732 --- [           main] t.c.s.AnnotationConfigContextLoaderUtils : Could not detect default configuration classes for test class [net.engineeringdigest.journalApp.service.UserServiceTests]: UserServiceTests does not declare any static, non-private, non-final, nested classes annotated with @Configuration.
2024-12-22 13:53:31.566  INFO 82732 --- [           main] .b.t.c.SpringBootTestContextBootstrapper : Found @SpringBootConfiguration net.engineeringdigest.journalApp.JournalApplication for test class net.engineeringdigest.journalApp.service.UserServiceTests
2024-12-22 13:53:31.567  INFO 82732 --- [           main] .b.t.c.SpringBootTestContextBootstrapper : Loaded default TestExecutionListener class names from location [META-INF/spring.factories]: [org.springframework.boot.test.mock.mockito.MockitoTestExecutionListener, org.springframework.boot.test.mock.mockito.ResetMocksTestExecutionListener, org.springframework.boot.test.autoconfigure.restdocs.RestDocsTestExecutionListener, org.springframework.boot.test.autoconfigure.web.client.MockRestServiceServerResetTestExecutionListener, org.springframework.boot.test.autoconfigure.web.servlet.MockMvcPrintOnlyOnFailureTestExecutionListener, org.springframework.boot.test.autoconfigure.web.servlet.WebDriverTestExecutionListener, org.springframework.boot.test.autoconfigure.webservices.client.MockWebServiceServerTestExecutionListener, org.springframework.test.context.web.ServletTestExecutionListener, org.springframework.test.context.support.DirtiesContextBeforeModesTestExecutionListener, org.springframework.test.context.event.ApplicationEventsTestExecutionListener, org.springframework.test.context.support.DependencyInjectionTestExecutionListener, org.springframework.test.context.support.DirtiesContextTestExecutionListener, org.springframework.test.context.transaction.TransactionalTestExecutionListener, org.springframework.test.context.jdbc.SqlScriptsTestExecutionListener, org.springframework.test.context.event.EventPublishingTestExecutionListener]
2024-12-22 13:53:31.567  INFO 82732 --- [           main] .b.t.c.SpringBootTestContextBootstrapper : Using TestExecutionListeners: [org.springframework.test.context.web.ServletTestExecutionListener@31433df9, org.springframework.test.context.support.DirtiesContextBeforeModesTestExecutionListener@2d4a0671, org.springframework.test.context.event.ApplicationEventsTestExecutionListener@1ab9c735, org.springframework.boot.test.mock.mockito.MockitoTestExecutionListener@6e4e60f5, org.springframework.boot.test.autoconfigure.SpringBootDependencyInjectionTestExecutionListener@464a3430, org.springframework.test.context.support.DirtiesContextTestExecutionListener@3bcedb06, org.springframework.test.context.transaction.TransactionalTestExecutionListener@6f9a3325, org.springframework.test.context.jdbc.SqlScriptsTestExecutionListener@72ceafeb, org.springframework.test.context.event.EventPublishingTestExecutionListener@65b2ee36, org.springframework.boot.test.mock.mockito.ResetMocksTestExecutionListener@28e91f6d, org.springframework.boot.test.autoconfigure.restdocs.RestDocsTestExecutionListener@16d4024e, org.springframework.boot.test.autoconfigure.web.client.MockRestServiceServerResetTestExecutionListener@11e24688, org.springframework.boot.test.autoconfigure.web.servlet.MockMvcPrintOnlyOnFailureTestExecutionListener@63d3c9dc, org.springframework.boot.test.autoconfigure.web.servlet.WebDriverTestExecutionListener@3a1a0bc, org.springframework.boot.test.autoconfigure.webservices.client.MockWebServiceServerTestExecutionListener@35d114f4]
initializing resources
destroying resources
[WARNING] Tests run: 5, Failures: 0, Errors: 0, Skipped: 5, Time elapsed: 0.003 s - in net.engineeringdigest.journalApp.service.UserServiceTests
[INFO] Running net.engineeringdigest.journalApp.service.UserDetailsServiceImplTests
[INFO] Tests run: 1, Failures: 0, Errors: 0, Skipped: 0, Time elapsed: 0.112 s - in net.engineeringdigest.journalApp.service.UserDetailsServiceImplTests
[INFO] 
[INFO] Results:
[INFO] 
[WARNING] Tests run: 7, Failures: 0, Errors: 0, Skipped: 5
[INFO] 
[INFO] 
[INFO] --- jar:3.2.2:jar (default-jar) @ journalApp ---
[INFO] Building jar: /Users/raghukiran/Desktop/JavaProjects/journalApp/target/journalApp-0.0.1-SNAPSHOT.jar
[INFO] 
[INFO] --- spring-boot:2.7.16:repackage (repackage) @ journalApp ---
[INFO] Replacing main artifact with repackaged archive
[INFO] ------------------------------------------------------------------------
[INFO] BUILD SUCCESS
[INFO] ------------------------------------------------------------------------
[INFO] Total time:  7.756 s
[INFO] Finished at: 2024-12-22T13:53:32-05:00
[INFO] ------------------------------------------------------------------------